# JRE version: OpenJDK Runtime Environment Temurin-17.0.7+7 (17.0.7+7) (build 17.0.7+7)
# Java VM: OpenJDK 64-Bit Server VM Temurin-17.0.7+7 (17.0.7+7, mixed mode, sharing, tiered, compressed oops, compressed class ptrs, g1 gc, windows-amd64)
GC Precious Log:
 CPUs: 16 total, 16 available
 Memory: 13093M
 Large Page Support: Disabled
 NUMA Support: Disabled
 Compressed Oops: Enabled (Zero based)
 Heap Region Size: 2M
 Heap Min Capacity: 8M
 Heap Initial Capacity: 206M
 Heap Max Capacity: 3274M
 Pre-touch: Disabled
 Parallel Workers: 13
 Concurrent Workers: 3
 Concurrent Refinement Workers: 13
 Periodic GC: Disabled
Heap:
 garbage-first heap   total 253952K, used 74033K [0x0000000733600000, 0x0000000800000000)
  region size 2048K, 24 young (49152K), 5 survivors (10240K)
 Metaspace       used 16692K, committed 17024K, reserved 1114112K
  class space    used 1893K, committed 2048K, reserved 1048576K
GC Heap History (12 events):
Event: 0.412 GC heap before
{Heap before GC invocations=0 (full 0):
 garbage-first heap   total 210944K, used 28672K [0x0000000733600000, 0x0000000800000000)
  region size 2048K, 11 young (22528K), 0 survivors (0K)
 Metaspace       used 2683K, committed 2944K, reserved 1114112K
  class space    used 254K, committed 384K, reserved 1048576K
}
Event: 0.416 GC heap after
{Heap after GC invocations=1 (full 0):
 garbage-first heap   total 210944K, used 11148K [0x0000000733600000, 0x0000000800000000)
  region size 2048K, 2 young (4096K), 2 survivors (4096K)
 Metaspace       used 2683K, committed 2944K, reserved 1114112K
  class space    used 254K, committed 384K, reserved 1048576K
}
Event: 0.694 GC heap before
{Heap before GC invocations=1 (full 0):
 garbage-first heap   total 210944K, used 33676K [0x0000000733600000, 0x0000000800000000)
  region size 2048K, 13 young (26624K), 2 survivors (4096K)
 Metaspace       used 4926K, committed 5120K, reserved 1114112K
  class space    used 476K, committed 576K, reserved 1048576K
}
Event: 0.697 GC heap after
{Heap after GC invocations=2 (full 0):
 garbage-first heap   total 210944K, used 13744K [0x0000000733600000, 0x0000000800000000)
  region size 2048K, 2 young (4096K), 2 survivors (4096K)
 Metaspace       used 4926K, committed 5120K, reserved 1114112K
  class space    used 476K, committed 576K, reserved 1048576K
}
Event: 0.895 GC heap before
{Heap before GC invocations=2 (full 0):
 garbage-first heap   total 210944K, used 71088K [0x0000000733600000, 0x0000000800000000)
  region size 2048K, 29 young (59392K), 2 survivors (4096K)
 Metaspace       used 4983K, committed 5184K, reserved 1114112K
  class space    used 476K, committed 576K, reserved 1048576K
}
Event: 0.898 GC heap after
{Heap after GC invocations=3 (full 0):
 garbage-first heap   total 210944K, used 20574K [0x0000000733600000, 0x0000000800000000)
  region size 2048K, 4 young (8192K), 4 survivors (8192K)
 Metaspace       used 4983K, committed 5184K, reserved 1114112K
  class space    used 476K, committed 576K, reserved 1048576K
}
Event: 1.356 GC heap before
{Heap before GC invocations=3 (full 0):
 garbage-first heap   total 210944K, used 137310K [0x0000000733600000, 0x0000000800000000)
  region size 2048K, 61 young (124928K), 4 survivors (8192K)
 Metaspace       used 5175K, committed 5440K, reserved 1114112K
  class space    used 485K, committed 640K, reserved 1048576K
}
Event: 1.361 GC heap after
{Heap after GC invocations=4 (full 0):
 garbage-first heap   total 210944K, used 26308K [0x0000000733600000, 0x0000000800000000)
  region size 2048K, 7 young (14336K), 7 survivors (14336K)
 Metaspace       used 5175K, committed 5440K, reserved 1114112K
  class space    used 485K, committed 640K, reserved 1048576K
}
Event: 1.491 GC heap before
{Heap before GC invocations=4 (full 0):
 garbage-first heap   total 210944K, used 138948K [0x0000000733600000, 0x0000000800000000)
  region size 2048K, 61 young (124928K), 7 survivors (14336K)
 Metaspace       used 5184K, committed 5440K, reserved 1114112K
  class space    used 485K, committed 640K, reserved 1048576K
}
Event: 1.496 GC heap after
{Heap after GC invocations=5 (full 0):
 garbage-first heap   total 210944K, used 31946K [0x0000000733600000, 0x0000000800000000)
  region size 2048K, 5 young (10240K), 5 survivors (10240K)
 Metaspace       used 5184K, committed 5440K, reserved 1114112K
  class space    used 485K, committed 640K, reserved 1048576K
}
Event: 2.091 GC heap before
{Heap before GC invocations=5 (full 0):
 garbage-first heap   total 210944K, used 146634K [0x0000000733600000, 0x0000000800000000)
  region size 2048K, 61 young (124928K), 5 survivors (10240K)
 Metaspace       used 9606K, committed 9920K, reserved 1114112K
  class space    used 1062K, committed 1216K, reserved 1048576K
}
Event: 2.098 GC heap after
{Heap after GC invocations=6 (full 0):
 garbage-first heap   total 253952K, used 37169K [0x0000000733600000, 0x0000000800000000)
  region size 2048K, 5 young (10240K), 5 survivors (10240K)
 Metaspace       used 9606K, committed 9920K, reserved 1114112K
  class space    used 1062K, committed 1216K, reserved 1048576K
}

